<?xml version="1.0" encoding="UTF-8"?>
<!-- Generated by org.testng.reporters.JUnitReportReporter -->
<testsuite hostname="DESKTOP-8ETCIKP" failures="0" tests="2" name="testngExamples1.Exp_Testng" time="0.030" errors="0" timestamp="10 Nov 2023 05:01:57 GMT">
  <testcase classname="testngExamples1.Exp_Testng" name="delemp" time="0.026"/>
  <testcase classname="testngExamples1.Exp_Testng" name="addemp" time="0.004"/>
</testsuite> <!-- testngExamples1.Exp_Testng -->
