<?xml version="1.0" encoding="UTF-8"?>
<!-- Generated by org.testng.reporters.JUnitReportReporter -->
<testsuite hostname="DESKTOP-8ETCIKP" failures="0" tests="1" name="testngExamples1.Exp_wd_testng" time="6.784" errors="0" timestamp="11 Nov 2023 12:35:53 GMT">
  <testcase classname="testngExamples1.Exp_wd_testng" name="tc001" time="6.784"/>
</testsuite> <!-- testngExamples1.Exp_wd_testng -->
